<?xml version="1.0" encoding="UTF-8"?>
<!-- Generated by org.testng.reporters.JUnitXMLReporter -->
<testsuite hostname="DESKTOP-13JHKE9" ignored="0" name="Command line test" tests="4" failures="0" timestamp="16 мар 2018 12:26:49 GMT" time="145.558" errors="0">
  <testcase name="googleSearch" time="3.491" classname="tests.googleTest.tests.JavaTest"/>
  <testcase name="resultSearchTest" time="19.434" classname="tests.googleTest.tests.JavaTest"/>
  <testcase name="googleSearch" time="2.404" classname="tests.googleTest.tests.RubyTest"/>
  <testcase name="resultSearchTest" time="101.424" classname="tests.googleTest.tests.RubyTest"/>
</testsuite> <!-- Command line test -->
