<?xml version="1.0" encoding="UTF-8"?>
<testng-results skipped="0" failed="0" ignored="0" total="4" passed="4">
  <reporter-output>
  </reporter-output>
  <suite name="Command line suite" duration-ms="145558" started-at="2018-03-16T12:24:23Z" finished-at="2018-03-16T12:26:49Z">
    <groups>
    </groups>
    <test name="Command line test" duration-ms="145558" started-at="2018-03-16T12:24:23Z" finished-at="2018-03-16T12:26:49Z">
      <class name="tests.googleTest.tests.JavaTest">
        <test-method status="PASS" signature="setDriver()[pri:0, instance:tests.googleTest.tests.JavaTest@531be3c5]" name="setDriver" is-config="true" duration-ms="6423" started-at="2018-03-16T12:24:23Z" finished-at="2018-03-16T12:24:30Z">
          <reporter-output>
          </reporter-output>
        </test-method> <!-- setDriver -->
        <test-method status="PASS" signature="googleSearch()[pri:0, instance:tests.googleTest.tests.JavaTest@531be3c5]" name="googleSearch" duration-ms="3491" started-at="2018-03-16T12:24:30Z" finished-at="2018-03-16T12:24:33Z">
          <reporter-output>
          </reporter-output>
        </test-method> <!-- googleSearch -->
        <test-method status="PASS" signature="resultSearchTest()[pri:0, instance:tests.googleTest.tests.JavaTest@531be3c5]" name="resultSearchTest" duration-ms="19434" started-at="2018-03-16T12:24:33Z" finished-at="2018-03-16T12:24:53Z">
          <reporter-output>
          </reporter-output>
        </test-method> <!-- resultSearchTest -->
        <test-method status="PASS" signature="shutdown()[pri:0, instance:tests.googleTest.tests.JavaTest@531be3c5]" name="shutdown" is-config="true" duration-ms="3507" started-at="2018-03-16T12:24:53Z" finished-at="2018-03-16T12:24:56Z">
          <reporter-output>
          </reporter-output>
        </test-method> <!-- shutdown -->
      </class> <!-- tests.googleTest.tests.JavaTest -->
      <class name="tests.googleTest.tests.RubyTest">
        <test-method status="PASS" signature="setDriver()[pri:0, instance:tests.googleTest.tests.RubyTest@52af6cff]" name="setDriver" is-config="true" duration-ms="5800" started-at="2018-03-16T12:24:56Z" finished-at="2018-03-16T12:25:02Z">
          <reporter-output>
          </reporter-output>
        </test-method> <!-- setDriver -->
        <test-method status="PASS" signature="googleSearch()[pri:0, instance:tests.googleTest.tests.RubyTest@52af6cff]" name="googleSearch" duration-ms="2404" started-at="2018-03-16T12:25:02Z" finished-at="2018-03-16T12:25:04Z">
          <reporter-output>
          </reporter-output>
        </test-method> <!-- googleSearch -->
        <test-method status="PASS" signature="resultSearchTest()[pri:0, instance:tests.googleTest.tests.RubyTest@52af6cff]" name="resultSearchTest" duration-ms="101424" started-at="2018-03-16T12:25:04Z" finished-at="2018-03-16T12:26:46Z">
          <reporter-output>
          </reporter-output>
        </test-method> <!-- resultSearchTest -->
        <test-method status="PASS" signature="shutDown()[pri:0, instance:tests.googleTest.tests.RubyTest@52af6cff]" name="shutDown" is-config="true" duration-ms="3052" started-at="2018-03-16T12:26:46Z" finished-at="2018-03-16T12:26:49Z">
          <reporter-output>
          </reporter-output>
        </test-method> <!-- shutDown -->
      </class> <!-- tests.googleTest.tests.RubyTest -->
    </test> <!-- Command line test -->
  </suite> <!-- Command line suite -->
</testng-results>
