<?xml version="1.0" encoding="UTF-8"?>
<testng-results skipped="0" failed="0" ignored="0" total="0" passed="0">
  <reporter-output>
  </reporter-output>
  <suite name="test.FirstTest" duration-ms="5" started-at="2018-03-14T13:30:16Z" finished-at="2018-03-14T13:30:16Z">
    <groups>
    </groups>
    <test name="Command line test" duration-ms="5" started-at="2018-03-14T13:30:16Z" finished-at="2018-03-14T13:30:16Z">
    </test> <!-- Command line test -->
  </suite> <!-- test.FirstTest -->
</testng-results>
